16:02:44: Creating resource group General
16:02:44: Creating resource group Internal
16:02:44: Creating resource group Autodetect
16:02:44: Registering ResourceManager for type Material
16:02:44: Registering ResourceManager for type Skeleton
16:02:44: Registering ResourceManager for type Mesh
16:02:44: WARNING: conversion is an older format ([MeshSerializer_v1.41]); you should upgrade it as soon as possible using the OgreMeshUpgrade tool.
16:02:44: MeshSerializer writing mesh data to stream ...
16:02:44: File header written.
16:02:44: Writing mesh data...
16:02:44: Writing submesh...
16:02:44: Exporting submesh texture aliases...
16:02:44: Submesh texture aliases exported.
16:02:44: Submesh exported.
16:02:44: Exporting bounds information....
16:02:44: Bounds information exported.
16:02:44: Exporting submesh name table...
16:02:44: Submesh name table exported.
16:02:44: Exporting edge lists...
16:02:44: Edge lists exported
16:02:44: Mesh data exported.
16:02:44: MeshSerializer export successful.
16:02:44: Unregistering ResourceManager for type Mesh
16:02:44: Unregistering ResourceManager for type Skeleton
16:02:44: Unregistering ResourceManager for type Material
